<?xml version="1.0" encoding="UTF-8"?>
<!-- Generated by org.testng.reporters.JUnitReportReporter -->
<testsuite hostname="pc-ThinkPad-T560" failures="0" tests="1" name="testCases.TC_001_AccountRegistrationTest" time="2.100" errors="0" timestamp="2023-07-21T21:03:08 TRT" skipped="0">
  <testcase classname="testCases.TC_001_AccountRegistrationTest" name="test_account_Registration" time="2.100"/>
  <system-out/>
</testsuite> <!-- testCases.TC_001_AccountRegistrationTest -->
