<?xml version="1.0" encoding="UTF-8"?>
<!-- Generated by org.testng.reporters.JUnitReportReporter -->
<testsuite hostname="pc-ThinkPad-T560" failures="0" tests="1" name="testCases.TC_002_LoginTest" time="1.480" errors="0" timestamp="2023-07-12T16:20:49 TRT" skipped="0">
  <testcase classname="testCases.TC_002_LoginTest" name="test_login" time="1.480"/>
  <system-out/>
</testsuite> <!-- testCases.TC_002_LoginTest -->
