<?xml version="1.0" encoding="UTF-8"?>
<!-- Generated by org.testng.reporters.JUnitReportReporter -->
<testsuite hostname="pc-ThinkPad-T560" failures="0" tests="1" name="testCases.TC_001_AccountRegistrationTest" time="1.989" errors="0" timestamp="2023-07-08T22:09:10 TRT" skipped="0">
  <testcase classname="testCases.TC_001_AccountRegistrationTest" name="test_account_Registration" time="1.989"/>
  <system-out/>
</testsuite> <!-- testCases.TC_001_AccountRegistrationTest -->
