<?xml version="1.0" encoding="UTF-8"?>
<!-- Generated by org.testng.reporters.JUnitReportReporter -->
<testsuite hostname="pc-ThinkPad-T560" failures="0" tests="2" name="testCases.TC_001_AccountRegistrationTest" time="9.373" errors="0" timestamp="2023-07-07T22:26:59 TRT" skipped="0">
  <testcase classname="testCases.TC_001_AccountRegistrationTest" name="test_account_Registration" time="5.005"/>
  <system-out/>
  <testcase classname="testCases.TC_001_AccountRegistrationTest" name="test_account_Registration" time="4.368"/>
  <system-out/>
</testsuite> <!-- testCases.TC_001_AccountRegistrationTest -->
